TN:
SF:./app/scripts/app.js
FN:22,(anonymous_1)
FNF:1
FNH:1
FNDA:2,(anonymous_1)
DA:11,1
DA:23,2
LF:2
LH:2
BRF:0
BRH:0
end_of_record
TN:
SF:./app/scripts/controllers/main.js
FN:4,(anonymous_1)
FN:11,(anonymous_2)
FNF:2
FNH:2
FNDA:2,(anonymous_1)
FNDA:3,(anonymous_2)
DA:3,1
DA:5,2
DA:9,2
DA:11,2
DA:12,3
DA:13,2
DA:14,0
DA:15,1
DA:16,0
DA:20,2
LF:10
LH:8
BRDA:12,1,0,2
BRDA:12,1,1,0
BRDA:12,1,2,1
BRDA:12,1,3,0
BRF:4
BRH:2
end_of_record
TN:
SF:./app/scripts/services/calculator.js
FN:11,(anonymous_1)
FN:12,(anonymous_2)
FN:17,(anonymous_3)
FN:22,(anonymous_4)
FN:27,(anonymous_5)
FNF:5
FNH:0
FNDA:0,(anonymous_1)
FNDA:0,(anonymous_2)
FNDA:0,(anonymous_3)
FNDA:0,(anonymous_4)
FNDA:0,(anonymous_5)
DA:10,1
DA:12,0
DA:13,0
DA:14,0
DA:17,0
DA:18,0
DA:19,0
DA:22,0
DA:23,0
DA:24,0
DA:27,0
DA:28,0
DA:29,0
DA:30,0
DA:32,0
DA:35,0
LF:16
LH:1
BRDA:29,1,0,0
BRDA:29,1,1,0
BRF:2
BRH:0
end_of_record
